#
# There is insufficient memory for the Java Runtime Environment to continue.
# Native memory allocation (mmap) failed to map 130023424 bytes. Error detail: G1 virtual space
# Possible reasons:
#   The system is out of physical RAM or swap space
#   This process is running with CompressedOops enabled, and the Java Heap may be blocking the growth of the native heap
# Possible solutions:
#   Reduce memory load on the system
#   Increase physical memory or swap space
#   Check if swap backing store is full
#   Decrease Java heap size (-Xmx/-Xms)
#   Decrease number of Java threads
#   Decrease Java thread stack sizes (-Xss)
#   Set larger code cache with -XX:ReservedCodeCacheSize=
#   JVM is running with Unscaled Compressed Oops mode in which the Java heap is
#     placed in the first 4GB address space. The Java Heap base address is the
#     maximum limit for the native heap growth. Please use -XX:HeapBaseMinAddress
#     to set the Java Heap base and to place the Java Heap above 4GB virtual address.
# This output file may be truncated or incomplete.
#
#  Out of Memory Error (os_windows.cpp:3703), pid=5088, tid=25816
#
# JRE version:  (23.0+37) (build )
# Java VM: Java HotSpot(TM) 64-Bit Server VM (23+37-2369, mixed mode, sharing, tiered, compressed oops, compressed class ptrs, g1 gc, windows-amd64)
# No core dump will be written. Minidumps are not enabled by default on client versions of Windows
#

---------------  S U M M A R Y ------------

Command Line: -Dfile.encoding=UTF-8 --module-path=D:\ssdjava\NetBeansProjects\Quiz Application\build\classes quiz.application.Score

Host: 13th Gen Intel(R) Core(TM) i5-1335U, 12 cores, 7G,  Windows 11 , 64 bit Build 22621 (10.0.22621.3958)
Time: Sun Nov 17 22:52:46 2024 India Standard Time elapsed time: 0.018484 seconds (0d 0h 0m 0s)

---------------  T H R E A D  ---------------

Current thread (0x0000026d4c54b4f0):  JavaThread "Unknown thread" [_thread_in_vm, id=25816, stack(0x00000093c7d00000,0x00000093c7e00000) (1024K)]

Stack: [0x00000093c7d00000,0x00000093c7e00000]
Native frames: (J=compiled Java code, j=interpreted, Vv=VM code, C=native code)
V  [jvm.dll+0x6e08a9]  (no source info available)
V  [jvm.dll+0x87da63]  (no source info available)
V  [jvm.dll+0x87feee]  (no source info available)
V  [jvm.dll+0x8805c3]  (no source info available)
V  [jvm.dll+0x27aee6]  (no source info available)
V  [jvm.dll+0x6dd1b5]  (no source info available)
V  [jvm.dll+0x6d103a]  (no source info available)
V  [jvm.dll+0x35b3ea]  (no source info available)
V  [jvm.dll+0x3637f6]  (no source info available)
V  [jvm.dll+0x34fd5e]  (no source info available)
V  [jvm.dll+0x34fff8]  (no source info available)
V  [jvm.dll+0x3289cc]  (no source info available)
V  [jvm.dll+0x32966e]  (no source info available)
V  [jvm.dll+0x8442e5]  (no source info available)
V  [jvm.dll+0x3b9848]  (no source info available)
V  [jvm.dll+0x82d0dc]  (no source info available)
V  [jvm.dll+0x454d4e]  (no source info available)
V  [jvm.dll+0x456bd1]  (no source info available)
C  [jli.dll+0x52a3]  (no source info available)
C  [ucrtbase.dll+0x29333]  (no source info available)
C  [KERNEL32.DLL+0x1257d]  (no source info available)
C  [ntdll.dll+0x5af08]  (no source info available)

Lock stack of current Java thread (top to bottom):


---------------  P R O C E S S  ---------------

Threads class SMR info:
_java_thread_list=0x00007ffca2b93618, length=0, elements={
}

Java Threads: ( => current thread )
Total: 0

Other Threads:
  0x0000026d4e88f690 WorkerThread "GC Thread#0"                     [id=17780, stack(0x00000093c7e00000,0x00000093c7f00000) (1024K)]
  0x0000026d4e8a3bf0 ConcurrentGCThread "G1 Main Marker"            [id=15032, stack(0x00000093c7f00000,0x00000093c8000000) (1024K)]
  0x0000026d4e8a4f60 WorkerThread "G1 Conc#0"                       [id=24592, stack(0x00000093c8000000,0x00000093c8100000) (1024K)]

[error occurred during error reporting (printing all threads), id 0xc0000005, EXCEPTION_ACCESS_VIOLATION (0xc0000005) at pc=0x00007ffca22dbfba]
VM state: not at safepoint (not fully initialized)

VM Mutex/Monitor currently owned by a thread:  ([mutex/lock_event])
[0x00007ffca2c13a10] Heap_lock - owner thread: 0x0000026d4c54b4f0

Heap address: 0x0000000084e00000, size: 1970 MB, Compressed Oops mode: 32-bit

CDS archive(s) mapped at: [0x0000000000000000-0x0000000000000000-0x0000000000000000), size 0, SharedBaseAddress: 0x0000000800000000, ArchiveRelocationMode: 1.
Narrow klass base: 0x0000000000000000, Narrow klass shift: 0, Narrow klass range: 0x0

GC Precious Log:
 CardTable entry size: 512
 Card Set container configuration: InlinePtr #cards 5 size 8 Array Of Cards #cards 10 size 36 Howl #buckets 4 coarsen threshold 1843 Howl Bitmap #cards 512 size 80 coarsen threshold 460 Card regions per heap region 1 cards per card region 2048

Heap:
 garbage-first heap   total reserved 2017280K, committed 0K, used 0K [0x0000000084e00000, 0x0000000100000000)
  region size 1024K, 0 young (0K), 0 survivors (0K)

[error occurred during error reporting (printing heap information), id 0xc0000005, EXCEPTION_ACCESS_VIOLATION (0xc0000005) at pc=0x00007ffca26dc3b9]
GC Heap History (0 events):
No events

Dll operation events (1 events):
Event: 0.008 Loaded shared library C:\Program Files\Java\jdk-23\bin\java.dll

Deoptimization events (0 events):
No events

Classes loaded (0 events):
No events

Classes unloaded (0 events):
No events

Classes redefined (0 events):
No events

Internal exceptions (0 events):
No events

VM Operations (0 events):
No events

Memory protections (0 events):
No events

Nmethod flushes (0 events):
No events

Events (0 events):
No events


Dynamic libraries:
0x00007ff751040000 - 0x00007ff751050000 	C:\Program Files\Java\jdk-23\bin\java.exe
0x00007ffd3ffd0000 - 0x00007ffd401e7000 	C:\Windows\SYSTEM32\ntdll.dll
0x00007ffd3f0f0000 - 0x00007ffd3f1b4000 	C:\Windows\System32\KERNEL32.DLL
0x00007ffd3d940000 - 0x00007ffd3dcf7000 	C:\Windows\System32\KERNELBASE.dll
0x00007ffd3d6d0000 - 0x00007ffd3d7e1000 	C:\Windows\System32\ucrtbase.dll
0x00007ffd34ae0000 - 0x00007ffd34af7000 	C:\Program Files\Java\jdk-23\bin\jli.dll
0x00007ffcbc1a0000 - 0x00007ffcbc1bb000 	C:\Program Files\Java\jdk-23\bin\VCRUNTIME140.dll
0x00007ffd3ee80000 - 0x00007ffd3f02f000 	C:\Windows\System32\USER32.dll
0x00007ffd3d2e0000 - 0x00007ffd3d306000 	C:\Windows\System32\win32u.dll
0x00007ffd3fbf0000 - 0x00007ffd3fc19000 	C:\Windows\System32\GDI32.dll
0x00007ffd21880000 - 0x00007ffd21b13000 	C:\Windows\WinSxS\amd64_microsoft.windows.common-controls_6595b64144ccf1df_6.0.22621.3672_none_2713b9d173822955\COMCTL32.dll
0x00007ffd3d7f0000 - 0x00007ffd3d908000 	C:\Windows\System32\gdi32full.dll
0x00007ffd3fc20000 - 0x00007ffd3fcc7000 	C:\Windows\System32\msvcrt.dll
0x00007ffd3d310000 - 0x00007ffd3d3aa000 	C:\Windows\System32\msvcp_win.dll
0x00007ffd3f980000 - 0x00007ffd3f9b1000 	C:\Windows\System32\IMM32.DLL
0x00007ffd04920000 - 0x00007ffd0492c000 	C:\Program Files\Java\jdk-23\bin\vcruntime140_1.dll
0x00007ffca1d80000 - 0x00007ffca1e0e000 	C:\Program Files\Java\jdk-23\bin\msvcp140.dll
0x00007ffca1fa0000 - 0x00007ffca2cef000 	C:\Program Files\Java\jdk-23\bin\server\jvm.dll
0x00007ffd3ed20000 - 0x00007ffd3edd2000 	C:\Windows\System32\ADVAPI32.dll
0x00007ffd3f3d0000 - 0x00007ffd3f478000 	C:\Windows\System32\sechost.dll
0x00007ffd3d910000 - 0x00007ffd3d938000 	C:\Windows\System32\bcrypt.dll
0x00007ffd3eb00000 - 0x00007ffd3ec14000 	C:\Windows\System32\RPCRT4.dll
0x00007ffd3f9c0000 - 0x00007ffd3fa31000 	C:\Windows\System32\WS2_32.dll
0x00007ffd3d000000 - 0x00007ffd3d04d000 	C:\Windows\SYSTEM32\POWRPROF.dll
0x00007ffd343a0000 - 0x00007ffd343d4000 	C:\Windows\SYSTEM32\WINMM.dll
0x00007ffd28370000 - 0x00007ffd2837a000 	C:\Windows\SYSTEM32\VERSION.dll
0x00007ffd3cfe0000 - 0x00007ffd3cff3000 	C:\Windows\SYSTEM32\UMPDC.dll
0x00007ffd3c290000 - 0x00007ffd3c2a8000 	C:\Windows\SYSTEM32\kernel.appcore.dll
0x00007ffd04910000 - 0x00007ffd0491a000 	C:\Program Files\Java\jdk-23\bin\jimage.dll
0x00007ffd3a700000 - 0x00007ffd3a932000 	C:\Windows\SYSTEM32\DBGHELP.DLL
0x00007ffd3f480000 - 0x00007ffd3f80e000 	C:\Windows\System32\combase.dll
0x00007ffd3f810000 - 0x00007ffd3f8e7000 	C:\Windows\System32\OLEAUT32.dll
0x00007ffd11330000 - 0x00007ffd11362000 	C:\Windows\SYSTEM32\dbgcore.DLL
0x00007ffd3d420000 - 0x00007ffd3d49b000 	C:\Windows\System32\bcryptPrimitives.dll
0x00007ffcb89c0000 - 0x00007ffcb89de000 	C:\Program Files\Java\jdk-23\bin\java.dll
0x00007ffd3fa40000 - 0x00007ffd3fbe5000 	C:\Windows\System32\ole32.dll
0x00007ffd3e1d0000 - 0x00007ffd3ea39000 	C:\Windows\System32\SHELL32.dll

dbghelp: loaded successfully - version: 4.0.5 - missing functions: none
symbol engine: initialized successfully - sym options: 0x614 - pdb path: .;C:\Program Files\Java\jdk-23\bin;C:\Windows\SYSTEM32;C:\Windows\WinSxS\amd64_microsoft.windows.common-controls_6595b64144ccf1df_6.0.22621.3672_none_2713b9d173822955;C:\Program Files\Java\jdk-23\bin\server

VM Arguments:
jvm_args: -Dfile.encoding=UTF-8 --module-path=D:\ssdjava\NetBeansProjects\Quiz Application\build\classes 
java_command: quiz.application.Score
java_class_path (initial): D:\ssdjava\NetBeansProjects\Quiz Application\build\classes
Launcher Type: SUN_STANDARD

[Global flags]
     intx CICompilerCount                          = 4                                         {product} {ergonomic}
     uint ConcGCThreads                            = 3                                         {product} {ergonomic}
     uint G1ConcRefinementThreads                  = 10                                        {product} {ergonomic}
   size_t G1HeapRegionSize                         = 1048576                                   {product} {ergonomic}
   size_t InitialHeapSize                          = 130023424                                 {product} {ergonomic}
   size_t MarkStackSize                            = 4194304                                   {product} {ergonomic}
   size_t MarkStackSizeMax                         = 536870912                                 {product} {ergonomic}
   size_t MaxHeapSize                              = 2065694720                                {product} {ergonomic}
   size_t MinHeapDeltaBytes                        = 1048576                                   {product} {ergonomic}
   size_t MinHeapSize                              = 8388608                                   {product} {ergonomic}
    uintx NonNMethodCodeHeapSize                   = 5832704                                {pd product} {ergonomic}
    uintx NonProfiledCodeHeapSize                  = 122945536                              {pd product} {ergonomic}
    uintx ProfiledCodeHeapSize                     = 122880000                              {pd product} {ergonomic}
    uintx ReservedCodeCacheSize                    = 251658240                              {pd product} {ergonomic}
     bool SegmentedCodeCache                       = true                                      {product} {ergonomic}
   size_t SoftMaxHeapSize                          = 2065694720                             {manageable} {ergonomic}
     bool UseCompressedOops                        = true                           {product lp64_product} {ergonomic}
     bool UseG1GC                                  = true                                      {product} {ergonomic}
     bool UseLargePagesIndividualAllocation        = false                                  {pd product} {ergonomic}

Logging:
Log output configuration:
 #0: stdout all=warning uptime,level,tags foldmultilines=false
 #1: stderr all=off uptime,level,tags foldmultilines=false

Environment Variables:
PATH=C:\Users\satya\AppData\Local\Programs\Python\Python38\Scripts\;C:\Users\satya\AppData\Local\Programs\Python\Python38\;C:\Users\satya\AppData\Local\Programs\Microsoft VS Code\bin
USERNAME=satya
OS=Windows_NT
PROCESSOR_IDENTIFIER=Intel64 Family 6 Model 186 Stepping 3, GenuineIntel
TMP=C:\Users\satya\AppData\Local\Temp
TEMP=C:\Users\satya\AppData\Local\Temp




Periodic native trim disabled

---------------  S Y S T E M  ---------------

OS:
 Windows 11 , 64 bit Build 22621 (10.0.22621.3958)
OS uptime: 0 days 2:22 hours
Hyper-V role detected

CPU: total 12 (initial active 12) (6 cores per cpu, 2 threads per core) family 6 model 186 stepping 3 microcode 0x4122, cx8, cmov, fxsr, ht, mmx, 3dnowpref, sse, sse2, sse3, ssse3, sse4.1, sse4.2, popcnt, lzcnt, tsc, tscinvbit, avx, avx2, aes, erms, clmul, bmi1, bmi2, adx, sha, fma, vzeroupper, clflush, clflushopt, clwb, hv, serialize, rdtscp, rdpid, fsrm, gfni, f16c, cet_ibt, cet_ss
Processor Information for processor 0
  Max Mhz: 1300, Current Mhz: 1300, Mhz Limit: 1300
Processor Information for processor 1
  Max Mhz: 1300, Current Mhz: 1300, Mhz Limit: 1300
Processor Information for processor 2
  Max Mhz: 1300, Current Mhz: 1300, Mhz Limit: 1300
Processor Information for processor 3
  Max Mhz: 1300, Current Mhz: 1300, Mhz Limit: 1300
Processor Information for processor 4
  Max Mhz: 1300, Current Mhz: 900, Mhz Limit: 897
Processor Information for processor 5
  Max Mhz: 1300, Current Mhz: 900, Mhz Limit: 897
Processor Information for processor 6
  Max Mhz: 1300, Current Mhz: 900, Mhz Limit: 897
Processor Information for processor 7
  Max Mhz: 1300, Current Mhz: 900, Mhz Limit: 897
Processor Information for processor 8
  Max Mhz: 1300, Current Mhz: 900, Mhz Limit: 897
Processor Information for processor 9
  Max Mhz: 1300, Current Mhz: 900, Mhz Limit: 897
Processor Information for processor 10
  Max Mhz: 1300, Current Mhz: 900, Mhz Limit: 897
Processor Information for processor 11
  Max Mhz: 1300, Current Mhz: 900, Mhz Limit: 897

Memory: 4k page, system-wide physical 7876M (685M free)
TotalPageFile size 25493M (AvailPageFile size 23M)
current process WorkingSet (physical memory assigned to process): 12M, peak: 12M
current process commit charge ("private bytes"): 64M, peak: 188M

vm_info: Java HotSpot(TM) 64-Bit Server VM (23+37-2369) for windows-amd64 JRE (23+37-2369), built on 2024-08-20T16:01:23Z with MS VC++ 17.6 (VS2022)

END.
